INFO: [VRFC 10-2263] Analyzing SystemVerilog file "C:/Users/ratne/Desktop/Neural_Acceleration/XOR_NN/XOR_NN.srcs/sources_1/new/barrel_shifter_gen_v0.sv" into library xil_defaultlib
INFO: [VRFC 10-311] analyzing module barrel_shifter_gen_v0
INFO: [VRFC 10-2263] Analyzing SystemVerilog file "C:/Users/ratne/Desktop/Neural_Acceleration/XOR_NN/XOR_NN.srcs/sources_1/new/expo_alu_gen_v0.sv" into library xil_defaultlib
INFO: [VRFC 10-311] analyzing module expo_alu_gen_v0
INFO: [VRFC 10-2263] Analyzing SystemVerilog file "C:/Users/ratne/Desktop/Neural_Acceleration/XOR_NN/XOR_NN.srcs/sources_1/new/leading_zero_detector_gen_v0.sv" into library xil_defaultlib
INFO: [VRFC 10-311] analyzing module leading_zero_detector_gen_v0
INFO: [VRFC 10-2263] Analyzing SystemVerilog file "C:/Users/ratne/Desktop/Neural_Acceleration/XOR_NN/XOR_NN.srcs/sources_1/new/mantissa_alu_gen_vo.sv" into library xil_defaultlib
INFO: [VRFC 10-311] analyzing module mantissa_alu_gen_vo
INFO: [VRFC 10-2263] Analyzing SystemVerilog file "C:/Users/ratne/Desktop/Neural_Acceleration/XOR_NN/XOR_NN.srcs/sources_1/new/double_precision_floating_adder_gen_v0.sv" into library xil_defaultlib
INFO: [VRFC 10-311] analyzing module double_precision_floating_adder_gen_v0
INFO: [VRFC 10-2263] Analyzing SystemVerilog file "C:/Users/ratne/Desktop/Neural_Acceleration/XOR_NN/XOR_NN.srcs/sources_1/new/exception_handle.sv" into library xil_defaultlib
INFO: [VRFC 10-311] analyzing module exception_handle
INFO: [VRFC 10-2263] Analyzing SystemVerilog file "C:/Users/ratne/Desktop/Neural_Acceleration/XOR_NN/XOR_NN.srcs/sources_1/new/FA.sv" into library xil_defaultlib
INFO: [VRFC 10-311] analyzing module FA
INFO: [VRFC 10-2263] Analyzing SystemVerilog file "C:/Users/ratne/Desktop/Neural_Acceleration/XOR_NN/XOR_NN.srcs/sources_1/new/Carry_Save_Multiplier.sv" into library xil_defaultlib
INFO: [VRFC 10-311] analyzing module Carry_Save_Multiplier
INFO: [VRFC 10-2263] Analyzing SystemVerilog file "C:/Users/ratne/Desktop/Neural_Acceleration/XOR_NN/XOR_NN.srcs/sources_1/new/HA.sv" into library xil_defaultlib
INFO: [VRFC 10-311] analyzing module HA
INFO: [VRFC 10-2263] Analyzing SystemVerilog file "C:/Users/ratne/Desktop/Neural_Acceleration/XOR_NN/XOR_NN.srcs/sources_1/new/RCA.sv" into library xil_defaultlib
INFO: [VRFC 10-311] analyzing module RCA
INFO: [VRFC 10-2263] Analyzing SystemVerilog file "C:/Users/ratne/Desktop/Neural_Acceleration/XOR_NN/XOR_NN.srcs/sim_1/new/adder_gen_v0_test_v1.sv" into library xil_defaultlib
INFO: [VRFC 10-311] analyzing module add_gen_v0_test_v1
INFO: [VRFC 10-2263] Analyzing SystemVerilog file "C:/Users/ratne/Desktop/Neural_Acceleration/XOR_NN/XOR_NN.srcs/sim_1/new/adder_gen_v0_test.sv" into library xil_defaultlib
INFO: [VRFC 10-311] analyzing module adder_gen_v0_test
INFO: [VRFC 10-2263] Analyzing SystemVerilog file "C:/Users/ratne/Desktop/Neural_Acceleration/XOR_NN/XOR_NN.srcs/sim_1/new/Carry_Save_Mul_Test.sv" into library xil_defaultlib
INFO: [VRFC 10-311] analyzing module Carry_Save_Mul_Test
